Symlinking /home/laowang/workspace/system_integration_ws/devel/include/tiago_move/GenerateGraspsRequest.h
Symlinking /home/laowang/workspace/system_integration_ws/devel/include/tiago_move/GenerateGrasps.h
Symlinking /home/laowang/workspace/system_integration_ws/devel/include/tiago_move/GenerateGraspsResponse.h
Symlinking /home/laowang/workspace/system_integration_ws/devel/share/tiago_move/cmake/tiago_moveConfig-version.cmake
Symlinking /home/laowang/workspace/system_integration_ws/devel/share/tiago_move/cmake/tiago_move-msg-paths.cmake
Symlinking /home/laowang/workspace/system_integration_ws/devel/share/tiago_move/cmake/tiago_move-msg-extras.cmake
Symlinking /home/laowang/workspace/system_integration_ws/devel/share/tiago_move/cmake/tiago_moveConfig.cmake
Symlinking /home/laowang/workspace/system_integration_ws/devel/share/gennodejs/ros/tiago_move/_index.js
Symlinking /home/laowang/workspace/system_integration_ws/devel/share/gennodejs/ros/tiago_move/srv/_index.js
Symlinking /home/laowang/workspace/system_integration_ws/devel/share/gennodejs/ros/tiago_move/srv/GenerateGrasps.js
Symlinking /home/laowang/workspace/system_integration_ws/devel/share/common-lisp/ros/tiago_move/srv/GenerateGrasps.lisp
Symlinking /home/laowang/workspace/system_integration_ws/devel/share/common-lisp/ros/tiago_move/srv/_package.lisp
Symlinking /home/laowang/workspace/system_integration_ws/devel/share/common-lisp/ros/tiago_move/srv/_package_GenerateGrasps.lisp
Symlinking /home/laowang/workspace/system_integration_ws/devel/share/common-lisp/ros/tiago_move/srv/tiago_move-srv.asd
Symlinking /home/laowang/workspace/system_integration_ws/devel/share/roseus/ros/tiago_move/manifest.l
Symlinking /home/laowang/workspace/system_integration_ws/devel/share/roseus/ros/tiago_move/srv/GenerateGrasps.l
Symlinking /home/laowang/workspace/system_integration_ws/devel/lib/libgripper_control.so
Symlinking /home/laowang/workspace/system_integration_ws/devel/lib/tiago_move/tiago_grasp_node
Symlinking /home/laowang/workspace/system_integration_ws/devel/lib/tiago_move/tiago_move_node_B
Symlinking /home/laowang/workspace/system_integration_ws/devel/lib/tiago_move/grip_with_index
Symlinking /home/laowang/workspace/system_integration_ws/devel/lib/tiago_move/tiago_move_node_A
Symlinking /home/laowang/workspace/system_integration_ws/devel/lib/tiago_move/tiago_place_node
Symlinking /home/laowang/workspace/system_integration_ws/devel/lib/python3/dist-packages/tiago_move/__init__.py
Symlinking /home/laowang/workspace/system_integration_ws/devel/lib/python3/dist-packages/tiago_move/srv/__init__.py
Symlinking /home/laowang/workspace/system_integration_ws/devel/lib/python3/dist-packages/tiago_move/srv/_GenerateGrasps.py
Symlinking /home/laowang/workspace/system_integration_ws/devel/lib/pkgconfig/tiago_move.pc
